[debug] [2019-09-02T22:38:56.314Z] ----------------------------------------------------------------------
[debug] [2019-09-02T22:38:56.316Z] Command:       /usr/local/Cellar/node/12.6.0/bin/node /usr/local/bin/firebase deploy --only functions
[debug] [2019-09-02T22:38:56.316Z] CLI Version:   6.8.0
[debug] [2019-09-02T22:38:56.316Z] Platform:      darwin
[debug] [2019-09-02T22:38:56.316Z] Node Version:  v12.6.0
[debug] [2019-09-02T22:38:56.317Z] Time:          Mon Sep 02 2019 17:38:56 GMT-0500 (Central Daylight Time)
[debug] [2019-09-02T22:38:56.317Z] ----------------------------------------------------------------------
[debug] 
[debug] [2019-09-02T22:38:56.324Z] > command requires scopes: ["email","openid","https://www.googleapis.com/auth/cloudplatformprojects.readonly","https://www.googleapis.com/auth/firebase","https://www.googleapis.com/auth/cloud-platform"]
[debug] [2019-09-02T22:38:56.324Z] > authorizing via signed-in user
[debug] [2019-09-02T22:38:56.324Z] [iam] checking project classsite-9148d for permissions ["cloudfunctions.functions.create","cloudfunctions.functions.delete","cloudfunctions.functions.get","cloudfunctions.functions.list","cloudfunctions.functions.update","cloudfunctions.operations.get","firebase.projects.get"]
[debug] [2019-09-02T22:38:56.325Z] >>> HTTP REQUEST POST https://cloudresourcemanager.googleapis.com/v1/projects/classsite-9148d:testIamPermissions  

[debug] [2019-09-02T22:38:56.526Z] <<< HTTP RESPONSE 200
[debug] [2019-09-02T22:38:58.401Z] TypeError: Cannot read property 'wanted' of undefined
    at /Users/matthewjinkens/.config/yarn/global/node_modules/firebase-tools/lib/checkFirebaseSDKVersion.js:37:51
    at processTicksAndRejections (internal/process/task_queues.js:85:5)
[error] 
[error] Error: An unexpected error has occurred.
[debug] [2019-09-02T22:39:02.369Z] ----------------------------------------------------------------------
[debug] [2019-09-02T22:39:02.371Z] Command:       /usr/local/Cellar/node/12.6.0/bin/node /usr/local/bin/firebase deploy
[debug] [2019-09-02T22:39:02.371Z] CLI Version:   6.8.0
[debug] [2019-09-02T22:39:02.371Z] Platform:      darwin
[debug] [2019-09-02T22:39:02.371Z] Node Version:  v12.6.0
[debug] [2019-09-02T22:39:02.372Z] Time:          Mon Sep 02 2019 17:39:02 GMT-0500 (Central Daylight Time)
[debug] [2019-09-02T22:39:02.372Z] ----------------------------------------------------------------------
[debug] 
[debug] [2019-09-02T22:39:02.378Z] > command requires scopes: ["email","openid","https://www.googleapis.com/auth/cloudplatformprojects.readonly","https://www.googleapis.com/auth/firebase","https://www.googleapis.com/auth/cloud-platform"]
[debug] [2019-09-02T22:39:02.378Z] > authorizing via signed-in user
[debug] [2019-09-02T22:39:02.378Z] [iam] checking project classsite-9148d for permissions ["cloudfunctions.functions.create","cloudfunctions.functions.delete","cloudfunctions.functions.get","cloudfunctions.functions.list","cloudfunctions.functions.update","cloudfunctions.operations.get","firebase.projects.get","firebasedatabase.instances.update","firebasehosting.sites.update","firebaserules.releases.create","firebaserules.releases.update","firebaserules.rulesets.create"]
[debug] [2019-09-02T22:39:02.379Z] >>> HTTP REQUEST POST https://cloudresourcemanager.googleapis.com/v1/projects/classsite-9148d:testIamPermissions  

[debug] [2019-09-02T22:39:02.586Z] <<< HTTP RESPONSE 200
[debug] [2019-09-02T22:39:02.588Z] >>> HTTP REQUEST GET https://firebase.googleapis.com/v1beta1/projects/classsite-9148d  
 
[debug] [2019-09-02T22:39:02.827Z] <<< HTTP RESPONSE 200
[debug] [2019-09-02T22:39:04.645Z] TypeError: Cannot read property 'wanted' of undefined
    at /Users/matthewjinkens/.config/yarn/global/node_modules/firebase-tools/lib/checkFirebaseSDKVersion.js:37:51
    at processTicksAndRejections (internal/process/task_queues.js:85:5)
[error] 
[error] Error: An unexpected error has occurred.
[debug] [2019-09-02T22:39:57.693Z] ----------------------------------------------------------------------
[debug] [2019-09-02T22:39:57.694Z] Command:       /usr/local/Cellar/node/12.6.0/bin/node /usr/local/bin/firebase deploy --only functions
[debug] [2019-09-02T22:39:57.695Z] CLI Version:   6.8.0
[debug] [2019-09-02T22:39:57.695Z] Platform:      darwin
[debug] [2019-09-02T22:39:57.695Z] Node Version:  v12.6.0
[debug] [2019-09-02T22:39:57.695Z] Time:          Mon Sep 02 2019 17:39:57 GMT-0500 (Central Daylight Time)
[debug] [2019-09-02T22:39:57.695Z] ----------------------------------------------------------------------
[debug] 
[debug] [2019-09-02T22:39:57.701Z] > command requires scopes: ["email","openid","https://www.googleapis.com/auth/cloudplatformprojects.readonly","https://www.googleapis.com/auth/firebase","https://www.googleapis.com/auth/cloud-platform"]
[debug] [2019-09-02T22:39:57.702Z] > authorizing via signed-in user
[debug] [2019-09-02T22:39:57.702Z] [iam] checking project classsite-9148d for permissions ["cloudfunctions.functions.create","cloudfunctions.functions.delete","cloudfunctions.functions.get","cloudfunctions.functions.list","cloudfunctions.functions.update","cloudfunctions.operations.get","firebase.projects.get"]
[debug] [2019-09-02T22:39:57.703Z] >>> HTTP REQUEST POST https://cloudresourcemanager.googleapis.com/v1/projects/classsite-9148d:testIamPermissions  

[debug] [2019-09-02T22:39:57.903Z] <<< HTTP RESPONSE 200
[debug] [2019-09-02T22:39:59.748Z] TypeError: Cannot read property 'wanted' of undefined
    at /Users/matthewjinkens/.config/yarn/global/node_modules/firebase-tools/lib/checkFirebaseSDKVersion.js:37:51
    at processTicksAndRejections (internal/process/task_queues.js:85:5)
[error] 
[error] Error: An unexpected error has occurred.
[debug] [2019-09-02T22:41:56.884Z] ----------------------------------------------------------------------
[debug] [2019-09-02T22:41:56.886Z] Command:       /usr/local/Cellar/node/12.6.0/bin/node /usr/local/bin/firebase deploy --only functions
[debug] [2019-09-02T22:41:56.886Z] CLI Version:   6.8.0
[debug] [2019-09-02T22:41:56.886Z] Platform:      darwin
[debug] [2019-09-02T22:41:56.886Z] Node Version:  v12.6.0
[debug] [2019-09-02T22:41:56.887Z] Time:          Mon Sep 02 2019 17:41:56 GMT-0500 (Central Daylight Time)
[debug] [2019-09-02T22:41:56.887Z] ----------------------------------------------------------------------
[debug] 
[debug] [2019-09-02T22:41:56.896Z] > command requires scopes: ["email","openid","https://www.googleapis.com/auth/cloudplatformprojects.readonly","https://www.googleapis.com/auth/firebase","https://www.googleapis.com/auth/cloud-platform"]
[debug] [2019-09-02T22:41:56.897Z] > authorizing via signed-in user
[debug] [2019-09-02T22:41:56.897Z] [iam] checking project classsite-9148d for permissions ["cloudfunctions.functions.create","cloudfunctions.functions.delete","cloudfunctions.functions.get","cloudfunctions.functions.list","cloudfunctions.functions.update","cloudfunctions.operations.get","firebase.projects.get"]
[debug] [2019-09-02T22:41:56.898Z] >>> HTTP REQUEST POST https://cloudresourcemanager.googleapis.com/v1/projects/classsite-9148d:testIamPermissions  

[debug] [2019-09-02T22:41:57.131Z] <<< HTTP RESPONSE 200
[debug] [2019-09-02T22:42:04.251Z] TypeError: Cannot read property 'wanted' of undefined
    at /Users/matthewjinkens/.config/yarn/global/node_modules/firebase-tools/lib/checkFirebaseSDKVersion.js:37:51
    at processTicksAndRejections (internal/process/task_queues.js:85:5)
[error] 
[error] Error: An unexpected error has occurred.
